app/build/intermediates/proguard-rules/release/aapt_rules.txt
# view res/layout/design_navigation_item.xml #generated:17
-keep class android.support.design.internal.NavigationMenuItemView { <init>(...); }

# view res/layout/design_navigation_menu.xml #generated:17
-keep class android.support.design.internal.NavigationMenuView { <init>(...); }

# view res/layout/activity_main.xml #generated:9
-keep class android.support.design.widget.AppBarLayout { <init>(...); }

# view res/layout/activity_main.xml #generated:2
-keep class android.support.design.widget.CoordinatorLayout { <init>(...); }

# view res/layout/activity_main.xml #generated:20
-keep class android.support.design.widget.FloatingActionButton { <init>(...); }

# view res/layout/design_layout_snackbar.xml #generated:18
# view sw600dp-v13\res/layout-sw600dp-v13/design_layout_snackbar.xml #generated:18
-keep class android.support.design.widget.Snackbar$SnackbarLayout { <init>(...); }

# view res/layout/activity_other_person_profile.xml #generated:71
# view res/layout/activity_profile.xml #generated:65
-keep class android.support.v4.view.PagerTitleStrip { <init>(...); }

# view res/layout/activity_other_person_profile.xml #generated:17
# view res/layout/activity_other_person_profile.xml #generated:65
# view res/layout/activity_other_profile.xml #generated:15
# view res/layout/activity_profile.xml #generated:18
# view res/layout/activity_profile.xml #generated:59
# view res/layout/activity_profile_test.xml #generated:16
-keep class android.support.v4.view.ViewPager { <init>(...); }

# view res/layout/abc_alert_dialog_material.xml #generated:75
-keep class android.support.v4.widget.NestedScrollView { <init>(...); }

# view res/layout/abc_alert_dialog_button_bar_material.xml #generated:40
-keep class android.support.v4.widget.Space { <init>(...); }

# view res/layout/abc_action_menu_item_layout.xml #generated:17
-keep class android.support.v7.internal.view.menu.ActionMenuItemView { <init>(...); }

# view res/layout/abc_expanded_menu_layout.xml #generated:17
-keep class android.support.v7.internal.view.menu.ExpandedMenuView { <init>(...); }

# view res/layout/abc_list_menu_item_layout.xml #generated:17
# view res/layout/abc_popup_menu_item_layout.xml #generated:17
-keep class android.support.v7.internal.view.menu.ListMenuItemView { <init>(...); }

# view res/layout/abc_screen_toolbar.xml #generated:27
-keep class android.support.v7.internal.widget.ActionBarContainer { <init>(...); }

# view res/layout/abc_action_mode_bar.xml #generated:19
# view res/layout/abc_screen_toolbar.xml #generated:43
-keep class android.support.v7.internal.widget.ActionBarContextView { <init>(...); }

# view res/layout/abc_screen_toolbar.xml #generated:17
-keep class android.support.v7.internal.widget.ActionBarOverlayLayout { <init>(...); }

# view res/layout/abc_activity_chooser_view.xml #generated:19
-keep class android.support.v7.internal.widget.ActivityChooserView$InnerLayout { <init>(...); }

# view res/layout/abc_alert_dialog_button_bar_material.xml #generated:18
-keep class android.support.v7.internal.widget.ButtonBarLayout { <init>(...); }

# view res/layout/abc_screen_content_include.xml #generated:19
-keep class android.support.v7.internal.widget.ContentFrameLayout { <init>(...); }

# view res/layout/abc_alert_dialog_material.xml #generated:48
-keep class android.support.v7.internal.widget.DialogTitle { <init>(...); }

# view res/layout/abc_screen_simple_overlay_action_mode.xml #generated:23
-keep class android.support.v7.internal.widget.FitWindowsFrameLayout { <init>(...); }

# view res/layout/abc_dialog_title_material.xml #generated:22
# view res/layout/abc_screen_simple.xml #generated:17
-keep class android.support.v7.internal.widget.FitWindowsLinearLayout { <init>(...); }

# view res/layout/abc_screen_simple.xml #generated:25
# view res/layout/abc_screen_simple_overlay_action_mode.xml #generated:32
-keep class android.support.v7.internal.widget.ViewStubCompat { <init>(...); }

# view res/layout/abc_action_menu_layout.xml #generated:17
-keep class android.support.v7.widget.ActionMenuView { <init>(...); }

# view res/layout/abc_search_view.xml #generated:78
-keep class android.support.v7.widget.SearchView$SearchAutoComplete { <init>(...); }

# view res/layout/abc_screen_toolbar.xml #generated:36
# view res/layout/activity_main.xml #generated:12
-keep class android.support.v7.widget.Toolbar { <init>(...); }

# view AndroidManifest.xml #generated:17
-keep class com.nowrunning.travelrun.MainActivity { <init>(...); }

# view AndroidManifest.xml #generated:35
-keep class com.nowrunning.travelrun.ProfileActivity { <init>(...); }

# view AndroidManifest.xml #generated:33
-keep class com.nowrunning.travelrun.ProfileTest { <init>(...); }

# view AndroidManifest.xml #generated:37
-keep class com.nowrunning.travelrun.otherPersonProfile { <init>(...); }

# view AndroidManifest.xml #generated:29
-keep class com.nowrunning.travelrun.otherProfileActivity { <init>(...); }

# view AndroidManifest.xml #generated:27
-keep class com.nowrunning.travelrun.profileActivity { <init>(...); }

# view AndroidManifest.xml #generated:31
-keep class com.nowrunning.travelrun.tester { <init>(...); }
