app/build/outputs/mapping/release/seeds.txt
com.nowrunning.travelrun.MainActivity
com.nowrunning.travelrun.MainActivity: MainActivity()
com.nowrunning.travelrun.ProfileActivity
com.nowrunning.travelrun.ProfileActivity: ProfileActivity()
com.nowrunning.travelrun.ProfileTest
com.nowrunning.travelrun.ProfileTest: ProfileTest()
com.nowrunning.travelrun.R$anim: int abc_fade_in
com.nowrunning.travelrun.R$anim: int abc_fade_out
com.nowrunning.travelrun.R$anim: int abc_grow_fade_in_from_bottom
com.nowrunning.travelrun.R$anim: int abc_popup_enter
com.nowrunning.travelrun.R$anim: int abc_popup_exit
com.nowrunning.travelrun.R$anim: int abc_shrink_fade_out_from_bottom
com.nowrunning.travelrun.R$anim: int abc_slide_in_bottom
com.nowrunning.travelrun.R$anim: int abc_slide_in_top
com.nowrunning.travelrun.R$anim: int abc_slide_out_bottom
com.nowrunning.travelrun.R$anim: int abc_slide_out_top
com.nowrunning.travelrun.R$anim: int design_fab_in
com.nowrunning.travelrun.R$anim: int design_fab_out
com.nowrunning.travelrun.R$anim: int design_snackbar_in
com.nowrunning.travelrun.R$anim: int design_snackbar_out
com.nowrunning.travelrun.R$attr: int actionBarDivider
com.nowrunning.travelrun.R$attr: int actionBarItemBackground
com.nowrunning.travelrun.R$attr: int actionBarPopupTheme
com.nowrunning.travelrun.R$attr: int actionBarSize
com.nowrunning.travelrun.R$attr: int actionBarSplitStyle
com.nowrunning.travelrun.R$attr: int actionBarStyle
com.nowrunning.travelrun.R$attr: int actionBarTabBarStyle
com.nowrunning.travelrun.R$attr: int actionBarTabStyle
com.nowrunning.travelrun.R$attr: int actionBarTabTextStyle
com.nowrunning.travelrun.R$attr: int actionBarTheme
com.nowrunning.travelrun.R$attr: int actionBarWidgetTheme
com.nowrunning.travelrun.R$attr: int actionButtonStyle
com.nowrunning.travelrun.R$attr: int actionDropDownStyle
com.nowrunning.travelrun.R$attr: int actionLayout
com.nowrunning.travelrun.R$attr: int actionMenuTextAppearance
com.nowrunning.travelrun.R$attr: int actionMenuTextColor
com.nowrunning.travelrun.R$attr: int actionModeBackground
com.nowrunning.travelrun.R$attr: int actionModeCloseButtonStyle
com.nowrunning.travelrun.R$attr: int actionModeCloseDrawable
com.nowrunning.travelrun.R$attr: int actionModeCopyDrawable
com.nowrunning.travelrun.R$attr: int actionModeCutDrawable
com.nowrunning.travelrun.R$attr: int actionModeFindDrawable
com.nowrunning.travelrun.R$attr: int actionModePasteDrawable
com.nowrunning.travelrun.R$attr: int actionModePopupWindowStyle
com.nowrunning.travelrun.R$attr: int actionModeSelectAllDrawable
com.nowrunning.travelrun.R$bool: int abc_action_bar_embed_tabs
com.nowrunning.travelrun.R$bool: int abc_action_bar_embed_tabs_pre_jb
com.nowrunning.travelrun.R$bool: int abc_action_bar_expanded_action_views_exclusive
com.nowrunning.travelrun.R$bool: int abc_allow_stacked_button_bar
com.nowrunning.travelrun.R$bool: int abc_config_actionMenuItemAllCaps
com.nowrunning.travelrun.R$bool: int abc_config_allowActionMenuItemTextWithIcon
com.nowrunning.travelrun.R$bool: int abc_config_closeDialogWhenTouchOutside
com.nowrunning.travelrun.R$bool: int abc_config_showMenuShortcutsWhenKeyboardPresent
...
android.support.design.widget.HeaderScrollingViewBehavior: HeaderScrollingViewBehavior()
android.support.design.widget.HeaderScrollingViewBehavior: HeaderScrollingViewBehavior(android.content.Context,android.util.AttributeSet)
android.support.design.widget.NavigationView: void setNavigationItemSelectedListener(android.support.design.widget.NavigationView$OnNavigationItemSelectedListener)
android.support.design.widget.NavigationView: android.view.Menu getMenu()
android.support.design.widget.NavigationView: android.content.res.ColorStateList getItemIconTintList()
android.support.design.widget.NavigationView: void setItemIconTintList(android.content.res.ColorStateList)
android.support.design.widget.NavigationView: android.content.res.ColorStateList getItemTextColor()
android.support.design.widget.NavigationView: void setItemTextColor(android.content.res.ColorStateList)
android.support.design.widget.NavigationView: android.graphics.drawable.Drawable getItemBackground()
android.support.design.widget.NavigationView: void setItemBackgroundResource(int)
android.support.design.widget.NavigationView: void setItemBackground(android.graphics.drawable.Drawable)
android.support.design.widget.NavigationView: void setCheckedItem(int)
android.support.design.widget.NavigationView: void setItemTextAppearance(int)
android.support.design.widget.NavigationView: android.view.MenuInflater getMenuInflater()
android.support.design.widget.NavigationView$SavedState: android.os.Parcelable$Creator CREATOR
android.support.design.widget.Snackbar$SnackbarLayout
android.support.design.widget.Snackbar$SnackbarLayout: Snackbar$SnackbarLayout(android.content.Context)
android.support.design.widget.Snackbar$SnackbarLayout: Snackbar$SnackbarLayout(android.content.Context,android.util.AttributeSet)
android.support.design.widget.Snackbar$SnackbarLayout: android.widget.TextView getMessageView()
android.support.design.widget.Snackbar$SnackbarLayout: android.widget.Button getActionView()
android.support.design.widget.Snackbar$SnackbarLayout: void setOnLayoutChangeListener(android.support.design.widget.Snackbar$SnackbarLayout$OnLayoutChangeListener)
android.support.design.widget.Snackbar$SnackbarLayout: void setOnAttachStateChangeListener(android.support.design.widget.Snackbar$SnackbarLayout$OnAttachStateChangeListener)
android.support.design.widget.SwipeDismissBehavior
android.support.design.widget.SwipeDismissBehavior: SwipeDismissBehavior()
android.support.design.widget.TabLayout: void setSelectedTabIndicatorColor(int)
android.support.design.widget.TabLayout: void setSelectedTabIndicatorHeight(int)
android.support.design.widget.TabLayout: float getScrollPosition()
android.support.design.widget.TabLayout: void setOnTabSelectedListener(android.support.design.widget.TabLayout$OnTabSelectedListener)
android.support.design.widget.TabLayout: int getTabCount()
android.support.design.widget.TabLayout: int getSelectedTabPosition()
android.support.design.widget.TabLayout: void setTabMode(int)
android.support.design.widget.TabLayout: int getTabMode()
android.support.design.widget.TabLayout: void setTabGravity(int)
android.support.design.widget.TabLayout: int getTabGravity()
android.support.design.widget.TabLayout: void setTabTextColors(android.content.res.ColorStateList)
android.support.design.widget.TabLayout: android.content.res.ColorStateList getTabTextColors()
android.support.design.widget.TabLayout: void setupWithViewPager(android.support.v4.view.ViewPager)
android.support.design.widget.TabLayout: void setTabsFromPagerAdapter(android.support.v4.view.PagerAdapter)
android.support.design.widget.TabLayout: void setSelectedTabView(int)
android.support.design.widget.TabLayout: int getDefaultHeight()
android.support.design.widget.TabLayout: int getTabMinWidth()
android.support.design.widget.TabLayout: int getTabMaxWidth()