app/build/outputs/mapping/release/mapping.txt
com.nowrunning.travelrun.MainActivity -> com.nowrunning.travelrun.MainActivity:
    android.widget.ListView list -> i
    void <init>() -> <init>
    void onCreate(android.os.Bundle) -> onCreate
    boolean onCreateOptionsMenu(android.view.Menu) -> onCreateOptionsMenu
    boolean onOptionsItemSelected(android.view.MenuItem) -> onOptionsItemSelected
com.nowrunning.travelrun.MainActivity$1 -> com.nowrunning.travelrun.a:
    com.nowrunning.travelrun.MainActivity this$0 -> a
    void <init>(com.nowrunning.travelrun.MainActivity) -> <init>
    void onClick(android.view.View) -> onClick
com.nowrunning.travelrun.ProfileActivity -> com.nowrunning.travelrun.ProfileActivity:
    android.support.v4.view.ViewPager images -> i
    android.support.v4.view.ViewPager profText -> j
    void <init>() -> <init>
    void onCreate(android.os.Bundle) -> onCreate
com.nowrunning.travelrun.ProfileTest -> com.nowrunning.travelrun.ProfileTest:
    void <init>() -> <init>
    void onCreate(android.os.Bundle) -> onCreate
com.nowrunning.travelrun.adapter.nearbyAdapter -> com.nowrunning.travelrun.a.a:
    java.util.ArrayList list -> a
    android.content.Context context -> b
    void <init>(java.util.ArrayList,android.content.Context) -> <init>
    int getCount() -> getCount
    java.lang.Object getItem(int) -> getItem
    long getItemId(int) -> getItemId
    android.view.View getView(int,android.view.View,android.view.ViewGroup) -> getView
    android.content.Context access$000(com.nowrunning.travelrun.adapter.nearbyAdapter) -> a
com.nowrunning.travelrun.adapter.nearbyAdapter$1 -> com.nowrunning.travelrun.a.b:
    com.nowrunning.travelrun.adapter.nearbyAdapter this$0 -> a
    void <init>(com.nowrunning.travelrun.adapter.nearbyAdapter) -> <init>
    void onItemClick(android.widget.AdapterView,android.view.View,int,long) -> onItemClick
com.nowrunning.travelrun.adapter.nearbyAdapter$2 -> com.nowrunning.travelrun.a.c:
    com.nowrunning.travelrun.adapter.nearbyAdapter this$0 -> a
    void <init>(com.nowrunning.travelrun.adapter.nearbyAdapter) -> <init>
    void onClick(android.view.View) -> onClick
com.nowrunning.travelrun.adapter.profileAdapter -> com.nowrunning.travelrun.a.d:
    android.content.Context context -> a
    java.util.ArrayList GalImages -> b
    void <init>(android.content.Context,java.util.ArrayList) -> <init>
    int getCount() -> a
    boolean isViewFromObject(android.view.View,java.lang.Object) -> a
    java.lang.Object instantiateItem(android.view.ViewGroup,int) -> a
    void destroyItem(android.view.ViewGroup,int,java.lang.Object) -> a
com.nowrunning.travelrun.adapter.textProfileAdapter -> com.nowrunning.travelrun.a.e:
    android.content.Context context -> a
    java.lang.String[] titles -> b
    java.util.ArrayList text -> c
    void <init>(android.content.Context,java.util.ArrayList) -> <init>
    int getCount() -> a
    boolean isViewFromObject(android.view.View,java.lang.Object) -> a
    java.lang.Object instantiateItem(android.view.ViewGroup,int) -> a
    void destroyItem(android.view.ViewGroup,int,java.lang.Object) -> a
com.nowrunning.travelrun.otherPersonProfile -> com.nowrunning.travelrun.otherPersonProfile:
    android.support.v4.view.ViewPager images -> i
    android.support.v4.view.ViewPager profText -> j
    void <init>() -> <init>
    void onCreate(android.os.Bundle) -> onCreate
com.nowrunning.travelrun.util.Profile -> com.nowrunning.travelrun.b.a:
    java.lang.String name -> a
    int age -> b
    java.lang.String home -> c
    java.lang.String nationality -> d
    java.lang.String profession -> e
    java.lang.String education -> f
    java.lang.String whatsUp -> g
    java.lang.String bio -> h
    long uniqueID -> i
    void <init>() -> <init>
    void <init>(java.lang.String,int) -> <init>
    java.lang.String getName() -> a
...
android.support.v7.graphics.drawable.DrawableWrapper -> android.support.v7.c.a.b:
    android.graphics.drawable.Drawable mDrawable -> a
    void <init>(android.graphics.drawable.Drawable) -> <init>
    void draw(android.graphics.Canvas) -> draw
    void onBoundsChange(android.graphics.Rect) -> onBoundsChange
    void setChangingConfigurations(int) -> setChangingConfigurations
    int getChangingConfigurations() -> getChangingConfigurations
    void setDither(boolean) -> setDither
    void setFilterBitmap(boolean) -> setFilterBitmap
    void setAlpha(int) -> setAlpha
    void setColorFilter(android.graphics.ColorFilter) -> setColorFilter
    boolean isStateful() -> isStateful
    boolean setState(int[]) -> setState
    int[] getState() -> getState
    void jumpToCurrentState() -> jumpToCurrentState
    android.graphics.drawable.Drawable getCurrent() -> getCurrent
    boolean setVisible(boolean,boolean) -> setVisible
    int getOpacity() -> getOpacity
    android.graphics.Region getTransparentRegion() -> getTransparentRegion
    int getIntrinsicWidth() -> getIntrinsicWidth
    int getIntrinsicHeight() -> getIntrinsicHeight
    int getMinimumWidth() -> getMinimumWidth
    int getMinimumHeight() -> getMinimumHeight
    boolean getPadding(android.graphics.Rect) -> getPadding
    void invalidateDrawable(android.graphics.drawable.Drawable) -> invalidateDrawable
android.support.v7.internal.VersionUtils -> android.support.v7.internal.a:
    boolean isAtLeastL() -> a
android.support.v7.internal.app.AppCompatViewInflater -> android.support.v7.internal.a.a:
    java.lang.Class[] sConstructorSignature -> a
    int[] sOnClickAttrs -> b
    java.util.Map sConstructorMap -> c
    java.lang.Object[] mConstructorArgs -> d
    void <init>() -> <init>
    android.view.View createView(android.view.View,java.lang.String,android.content.Context,android.util.AttributeSet,boolean,boolean,boolean) -> a
    android.view.View createViewFromTag(android.content.Context,java.lang.String,android.util.AttributeSet) -> a
    void checkOnClickListener(android.view.View,android.util.AttributeSet) -> a
    android.view.View createView(android.content.Context,java.lang.String,java.lang.String) -> a
    android.content.Context themifyContext(android.content.Context,android.util.AttributeSet,boolean,boolean) -> a
    void <clinit>() -> <clinit>
android.support.v7.internal.app.AppCompatViewInflater$DeclaredOnClickListener -> android.support.v7.internal.a.b:
    android.view.View mHostView -> a
    java.lang.String mMethodName -> b
    java.lang.reflect.Method mResolvedMethod -> c
    android.content.Context mResolvedContext -> d
    void <init>(android.view.View,java.lang.String) -> <init>
    void onClick(android.view.View) -> onClick
    void resolveMethod(android.content.Context,java.lang.String) -> a