app/build/outputs/mapping/release/usage.txt
com.nowrunning.travelrun.BuildConfig
com.nowrunning.travelrun.MainActivity:
    109:111:public void openNew()
com.nowrunning.travelrun.OtherProfileActivity
com.nowrunning.travelrun.R
com.nowrunning.travelrun.R$anim
com.nowrunning.travelrun.R$attr
com.nowrunning.travelrun.R$bool
com.nowrunning.travelrun.R$color
com.nowrunning.travelrun.R$dimen
com.nowrunning.travelrun.R$drawable
com.nowrunning.travelrun.R$id
com.nowrunning.travelrun.R$integer
com.nowrunning.travelrun.R$layout
com.nowrunning.travelrun.R$menu
com.nowrunning.travelrun.R$mipmap
com.nowrunning.travelrun.R$string
com.nowrunning.travelrun.R$style
com.nowrunning.travelrun.R$styleable
com.nowrunning.travelrun.adapter.profileAdapter:
    27:29:public profileAdapter(android.content.Context)
com.nowrunning.travelrun.adapter.textProfileAdapter:
    20:30:public textProfileAdapter(android.content.Context,java.lang.String)
com.nowrunning.travelrun.util.Profile:
    java.util.ArrayList friendID
    java.util.ArrayList pictList
    57:66:public Profile(java.lang.String,int,java.lang.String,java.lang.String,java.lang.String,java.lang.String)
    68:77:public Profile(java.lang.String,int,java.lang.String,java.lang.String,java.lang.String,java.lang.String,java.lang.String,java.lang.String)
    79:89:public Profile(java.lang.String,int,java.lang.String,java.lang.String,java.lang.String,java.lang.String,java.lang.String,java.lang.String,java.util.ArrayList)
    96:97:public void setName(java.lang.String)
    100:100:public int getAge()
    104:105:public void setAge(int)
    108:108:public java.lang.String getHome()
    112:113:public void setHome(java.lang.String)
    116:116:public java.lang.String getNationality()
    120:121:public void setNationality(java.lang.String)
    124:124:public java.lang.String getProfession()
    128:129:public void setProfession(java.lang.String)
    132:132:public java.lang.String getEducation()
    136:137:public void setEducation(java.lang.String)
    140:140:public java.lang.String getWhatsUp()
    144:145:public void setWhatsUp(java.lang.String)
    148:148:public java.lang.String getBio()
    152:153:public void setBio(java.lang.String)
    156:156:public java.util.ArrayList getPictList()
    160:161:public void setPictList(java.util.ArrayList)
com.nowrunning.travelrun.util.ProfileList
...
android.support.v4.speech.tts.TextToSpeechICSMR1$UtteranceProgressListenerICSMR1
android.support.v4.text.BidiFormatter
android.support.v4.text.BidiFormatter$1
android.support.v4.text.BidiFormatter$Builder
android.support.v4.text.BidiFormatter$DirectionalityEstimator
android.support.v4.text.ICUCompat:
    23:43:public ICUCompat()
android.support.v4.text.ICUCompatApi23:
    private static final java.lang.String TAG
    25:25:public ICUCompatApi23()
android.support.v4.text.ICUCompatIcs:
    private static final java.lang.String TAG
    25:25:ICUCompatIcs()
android.support.v4.text.TextDirectionHeuristicCompat
android.support.v4.text.TextDirectionHeuristicsCompat
android.support.v4.text.TextDirectionHeuristicsCompat$1
android.support.v4.text.TextDirectionHeuristicsCompat$AnyStrong
android.support.v4.text.TextDirectionHeuristicsCompat$FirstStrong
android.support.v4.text.TextDirectionHeuristicsCompat$TextDirectionAlgorithm
android.support.v4.text.TextDirectionHeuristicsCompat$TextDirectionHeuristicImpl
android.support.v4.text.TextDirectionHeuristicsCompat$TextDirectionHeuristicInternal
android.support.v4.text.TextDirectionHeuristicsCompat$TextDirectionHeuristicLocale
android.support.v4.text.TextUtilsCompat:
    26:100:public TextUtilsCompat()
    129:129:public static java.lang.String htmlEncode(java.lang.String)
android.support.v4.text.TextUtilsCompat$TextUtilsCompatImpl:
    30:59:public java.lang.String htmlEncode(java.lang.String)
android.support.v4.text.TextUtilsCompat$TextUtilsCompatJellybeanMr1Impl:
    103:103:public java.lang.String htmlEncode(java.lang.String)
android.support.v4.text.TextUtilsCompatJellybeanMr1:
    28:28:public TextUtilsCompatJellybeanMr1()
    31:31:public static java.lang.String htmlEncode(java.lang.String)
android.support.v4.util.ArrayMap:
    61:62:public ArrayMap(int)
    68:69:public ArrayMap(android.support.v4.util.SimpleArrayMap)
    130:130:public boolean containsAll(java.util.Collection)
    151:151:public boolean removeAll(java.util.Collection)
android.support.v4.util.AtomicFile
android.support.v4.util.CircularArray
android.support.v4.util.CircularIntArray
android.support.v4.util.ContainerHelpers:
    19:19:ContainerHelpers()
android.support.v4.util.DebugUtils:
    25:25:public DebugUtils()
android.support.v4.util.LongSparseArray:
    118:126:public void delete(long)
    132:133:public void remove(long)
    270:275:public void setValueAt(int,java.lang.Object)
    283:287:public int indexOfKey(long)
    299:307:public int indexOfValue(java.lang.Object)
    330:357:public void append(long,java.lang.Object)
android.support.v4.util.LruCache:
    61:69:public void resize(int)
    193:209:public final java.lang.Object remove(java.lang.Object)
    271:272:public final void evictAll()
    280:280:public final synchronized int size()
    289:289:public final synchronized int maxSize()
    297:297:public final synchronized int hitCount()
    305:305:public final synchronized int missCount()
    312:312:public final synchronized int createCount()
    319:319:public final synchronized int putCount()
    326:326:public final synchronized int evictionCount()
    334:334:public final synchronized java.util.Map snapshot()
android.support.v4.util.Pair
android.support.v4.util.Pools:
    69:71:private Pools()
android.support.v4.util.Pools$SynchronizedPool
android.support.v4.util.SimpleArrayMap:
    private static final boolean DEBUG
    private static final java.lang.String TAG
    private static final int BASE_SIZE
    private static final int CACHE_SIZE
    217:225:public SimpleArrayMap(int)
    231:235:public SimpleArrayMap(android.support.v4.util.SimpleArrayMap)
    429:442:public void putAll(android.support.v4.util.SimpleArrayMap)